<?xml version="1.0" encoding="UTF-8"?>
<coverage generated="1667738721668" clover="3.2.0">
  <project timestamp="1667738721669" name="All files">
    <metrics statements="2" coveredstatements="2" conditionals="0" coveredconditionals="0" methods="1" coveredmethods="1" elements="3" coveredelements="3" complexity="0" loc="2" ncloc="2" packages="1" files="1" classes="1"/>
    <file name="errors.ts" path="Z:\Repositoris\ISDI_Coders\ISDI_Bootcamp\week6\202209-w6chwe-carlos-albert-rodrigo\Back-202209-w6chwe-carlos-albert-rodrigo\src\server\middleware\errors.ts">
      <metrics statements="2" coveredstatements="2" conditionals="0" coveredconditionals="0" methods="1" coveredmethods="1"/>
      <line num="3" count="1" type="stmt"/>
      <line num="4" count="2" type="stmt"/>
    </file>
  </project>
</coverage>
