{"Z:\\Repositoris\\ISDI_Coders\\ISDI_Bootcamp\\week6\\202209-w6chwe-carlos-albert-rodrigo\\Back-202209-w6chwe-carlos-albert-rodrigo\\src\\server\\middleware\\errors.ts": {"path":"Z:\\Repositoris\\ISDI_Coders\\ISDI_Bootcamp\\week6\\202209-w6chwe-carlos-albert-rodrigo\\Back-202209-w6chwe-carlos-albert-rodrigo\\src\\server\\middleware\\errors.ts","statementMap":{"0":{"start":{"line":3,"column":31},"end":{"line":5,"column":1}},"1":{"start":{"line":4,"column":2},"end":{"line":4,"column":66}},"2":{"start":{"line":3,"column":13},"end":{"line":3,"column":31}}},"fnMap":{"0":{"name":"(anonymous_0)","decl":{"start":{"line":3,"column":31},"end":{"line":3,"column":32}},"loc":{"start":{"line":3,"column":63},"end":{"line":5,"column":1}}}},"branchMap":{},"s":{"0":1,"1":2,"2":1},"f":{"0":2},"b":{}}
}
