{"C:\\Users\\Rod\\Documents\\ISDI\\ISDI Challenges\\semana 6\\challenge-weekend\\robots-back\\202209-w6chwe-carlos-albert-rodrigo\\src\\CustomError\\CustomError.ts": {"path":"C:\\Users\\Rod\\Documents\\ISDI\\ISDI Challenges\\semana 6\\challenge-weekend\\robots-back\\202209-w6chwe-carlos-albert-rodrigo\\src\\CustomError\\CustomError.ts","statementMap":{"0":{"start":{"line":7,"column":4},"end":{"line":7,"column":24}},"1":{"start":{"line":4,"column":11},"end":{"line":4,"column":25}},"2":{"start":{"line":5,"column":11},"end":{"line":5,"column":26}},"3":{"start":{"line":11,"column":0},"end":{"line":11,"column":27}}},"fnMap":{"0":{"name":"(anonymous_0)","decl":{"start":{"line":2,"column":2},"end":{"line":2,"column":null}},"loc":{"start":{"line":5,"column":26},"end":{"line":8,"column":3}}}},"branchMap":{},"s":{"0":1,"1":1,"2":1,"3":1},"f":{"0":1},"b":{}}
,"C:\\Users\\Rod\\Documents\\ISDI\\ISDI Challenges\\semana 6\\challenge-weekend\\robots-back\\202209-w6chwe-carlos-albert-rodrigo\\src\\database\\models\\Robot.ts": {"path":"C:\\Users\\Rod\\Documents\\ISDI\\ISDI Challenges\\semana 6\\challenge-weekend\\robots-back\\202209-w6chwe-carlos-albert-rodrigo\\src\\database\\models\\Robot.ts","statementMap":{"0":{"start":{"line":1,"column":0},"end":{"line":1,"column":41}},"1":{"start":{"line":3,"column":20},"end":{"line":9,"column":2}},"2":{"start":{"line":12,"column":14},"end":{"line":12,"column":51}},"3":{"start":{"line":14,"column":0},"end":{"line":14,"column":21}}},"fnMap":{},"branchMap":{},"s":{"0":1,"1":1,"2":1,"3":1},"f":{},"b":{}}
,"C:\\Users\\Rod\\Documents\\ISDI\\ISDI Challenges\\semana 6\\challenge-weekend\\robots-back\\202209-w6chwe-carlos-albert-rodrigo\\src\\mocks\\mocks.ts": {"path":"C:\\Users\\Rod\\Documents\\ISDI\\ISDI Challenges\\semana 6\\challenge-weekend\\robots-back\\202209-w6chwe-carlos-albert-rodrigo\\src\\mocks\\mocks.ts","statementMap":{"0":{"start":{"line":3,"column":35},"end":{"line":12,"column":2}},"1":{"start":{"line":14,"column":0},"end":{"line":14,"column":24}}},"fnMap":{},"branchMap":{},"s":{"0":1,"1":1},"f":{},"b":{}}
,"C:\\Users\\Rod\\Documents\\ISDI\\ISDI Challenges\\semana 6\\challenge-weekend\\robots-back\\202209-w6chwe-carlos-albert-rodrigo\\src\\server\\controllers\\robotsController.ts": {"path":"C:\\Users\\Rod\\Documents\\ISDI\\ISDI Challenges\\semana 6\\challenge-weekend\\robots-back\\202209-w6chwe-carlos-albert-rodrigo\\src\\server\\controllers\\robotsController.ts","statementMap":{"0":{"start":{"line":1,"column":0},"end":{"line":1,"column":26}},"1":{"start":{"line":3,"column":0},"end":{"line":3,"column":59}},"2":{"start":{"line":4,"column":0},"end":{"line":4,"column":51}},"3":{"start":{"line":6,"column":25},"end":{"line":24,"column":1}},"4":{"start":{"line":11,"column":2},"end":{"line":23,"column":null}},"5":{"start":{"line":12,"column":4},"end":{"line":12,"column":29}},"6":{"start":{"line":13,"column":19},"end":{"line":13,"column":37}},"7":{"start":{"line":15,"column":4},"end":{"line":18,"column":null}},"8":{"start":{"line":16,"column":6},"end":{"line":16,"column":62}},"9":{"start":{"line":17,"column":6},"end":{"line":17,"column":13}},"10":{"start":{"line":20,"column":4},"end":{"line":20,"column":37}},"11":{"start":{"line":22,"column":4},"end":{"line":22,"column":73}},"12":{"start":{"line":6,"column":13},"end":{"line":6,"column":25}},"13":{"start":{"line":26,"column":0},"end":{"line":26,"column":25}}},"fnMap":{"0":{"name":"(anonymous_1)","decl":{"start":{"line":6,"column":25},"end":{"line":6,"column":30}},"loc":{"start":{"line":10,"column":4},"end":{"line":24,"column":1}}}},"branchMap":{"0":{"loc":{"start":{"line":15,"column":4},"end":{"line":18,"column":null}},"type":"if","locations":[{"start":{"line":15,"column":4},"end":{"line":18,"column":null}}]}},"s":{"0":1,"1":1,"2":1,"3":1,"4":3,"5":3,"6":3,"7":2,"8":1,"9":1,"10":1,"11":1,"12":1,"13":1},"f":{"0":3},"b":{"0":[1]}}
}
