TN:
SF:src\CustomError\CustomError.ts
FN:2,(anonymous_0)
FNF:1
FNH:1
FNDA:1,(anonymous_0)
DA:4,1
DA:5,1
DA:7,1
DA:11,1
LF:4
LH:4
BRF:0
BRH:0
end_of_record
TN:
SF:src\database\models\Robot.ts
FNF:0
FNH:0
DA:1,1
DA:3,1
DA:12,1
DA:14,1
LF:4
LH:4
BRF:0
BRH:0
end_of_record
TN:
SF:src\mocks\mocks.ts
FNF:0
FNH:0
DA:3,1
DA:14,1
LF:2
LH:2
BRF:0
BRH:0
end_of_record
TN:
SF:src\server\controllers\robotsController.ts
FN:6,(anonymous_1)
FNF:1
FNH:1
FNDA:3,(anonymous_1)
DA:1,1
DA:3,1
DA:4,1
DA:6,1
DA:11,3
DA:12,3
DA:13,3
DA:15,2
DA:16,1
DA:17,1
DA:20,1
DA:22,1
DA:26,1
LF:13
LH:13
BRDA:15,0,0,1
BRF:1
BRH:1
end_of_record
